\BOOKMARK [1][-]{section.1}{\376\377\000I\000n\000t\000r\000o\000d\000u\000c\000t\000i\000o\000n}{}% 1
\BOOKMARK [1][-]{section.2}{\376\377\000L\000i\000t\000e\000r\000a\000t\000u\000r\000e\000\040\000R\000e\000v\000i\000e\000w}{}% 2
\BOOKMARK [1][-]{section.3}{\376\377\000D\000a\000t\000a\000\040\000M\000a\000n\000i\000p\000u\000l\000a\000t\000i\000o\000n\000s}{}% 3
\BOOKMARK [2][-]{subsection.3.1}{\376\377\000D\000a\000t\000a\000\040\000S\000o\000u\000r\000c\000e}{section.3}% 4
\BOOKMARK [2][-]{subsection.3.2}{\376\377\000D\000a\000t\000a\000\040\000P\000r\000o\000c\000e\000s\000s\000i\000n\000g}{section.3}% 5
\BOOKMARK [1][-]{section.4}{\376\377\000P\000r\000o\000p\000o\000s\000e\000d\000\040\000M\000o\000d\000e\000l}{}% 6
\BOOKMARK [1][-]{section.5}{\376\377\000M\000o\000d\000e\000l\000\040\000V\000a\000l\000i\000d\000a\000t\000i\000o\000n}{}% 7
\BOOKMARK [1][-]{section.6}{\376\377\000C\000o\000n\000c\000l\000u\000s\000i\000o\000n}{}% 8
\BOOKMARK [1][-]{section.7}{\376\377\000N\000o\000t\000a\000t\000i\000o\000n}{}% 9
\BOOKMARK [1][-]{section.8}{\376\377\000M\000/\000M\000/\0001\000\040\000F\000i\000r\000s\000t\000-\000i\000n\000-\000F\000i\000r\000s\000t\000-\000o\000u\000t\000\040\000Q\000u\000e\000u\000e}{}% 10
\BOOKMARK [2][-]{subsection.8.1}{\376\377\000D\000i\000r\000e\000c\000t\000\040\000S\000i\000m\000u\000l\000a\000t\000i\000o\000n\000\040\000b\000y\000\040\000L\000i\000n\000d\000l\000e\000y\000\040\000R\000e\000c\000u\000r\000s\000i\000o\000n}{section.8}% 11
\BOOKMARK [2][-]{subsection.8.2}{\376\377\000S\000i\000m\000u\000l\000a\000t\000i\000o\000n\000\040\000U\000s\000i\000n\000g\000\040\000R\000e\000g\000e\000n\000e\000r\000a\000t\000i\000v\000e\000\040\000M\000e\000t\000h\000o\000d}{section.8}% 12
\BOOKMARK [2][-]{subsection.8.3}{\376\377\000S\000i\000m\000u\000l\000a\000t\000i\000o\000n\000\040\000U\000s\000i\000n\000g\000\040\000C\000h\000a\000n\000g\000e\000\040\000o\000f\000\040\000M\000e\000a\000s\000u\000r\000e}{section.8}% 13
\BOOKMARK [3][-]{subsubsection.8.3.1}{\376\377\000I\000m\000p\000o\000r\000t\000a\000n\000c\000e\000\040\000S\000a\000m\000p\000l\000i\000n\000g}{subsection.8.3}% 14
\BOOKMARK [3][-]{subsubsection.8.3.2}{\376\377\000M\000/\000M\000/\0001\000\040\000Q\000u\000e\000u\000e\000\040\000R\000e\000s\000u\000l\000t\000s}{subsection.8.3}% 15
\BOOKMARK [2][-]{subsection.8.4}{\376\377\000C\000o\000n\000c\000l\000u\000s\000i\000o\000n}{section.8}% 16
\BOOKMARK [1][-]{section.9}{\376\377\000M\000/\000M\000/\0001\000\040\000N\000o\000n\000-\000p\000r\000e\000e\000m\000p\000t\000i\000v\000e\000\040\000P\000r\000i\000o\000r\000i\000t\000y\000\040\000Q\000u\000e\000u\000e}{}% 17
\BOOKMARK [2][-]{subsection.9.1}{\376\377\000E\000v\000e\000n\000t\000-\000B\000a\000s\000e\000d\000\040\000S\000i\000m\000u\000l\000a\000t\000i\000o\000n}{section.9}% 18
\BOOKMARK [2][-]{subsection.9.2}{\376\377\000D\000i\000r\000e\000c\000t\000\040\000S\000i\000m\000u\000l\000a\000t\000i\000o\000n\000\040\000o\000f\000\040\000E\000x\000p\000e\000c\000t\000e\000d\000\040\000W\000a\000i\000t\000i\000n\000g\000\040\000T\000i\000m\000e}{section.9}% 19
\BOOKMARK [3][-]{subsubsection.9.2.1}{\376\377\000T\000h\000e\000o\000r\000e\000t\000i\000c\000a\000l\000\040\000R\000e\000s\000u\000l\000t\000s}{subsection.9.2}% 20
\BOOKMARK [3][-]{subsubsection.9.2.2}{\376\377\000S\000i\000m\000u\000l\000a\000t\000i\000o\000n\000\040\000R\000e\000s\000u\000l\000t\000s}{subsection.9.2}% 21
\BOOKMARK [3][-]{subsubsection.9.2.3}{\376\377\000S\000o\000m\000e\000\040\000I\000n\000s\000i\000g\000h\000t\000s}{subsection.9.2}% 22
